<?xml version="1.0" encoding="UTF-8"?>
<!-- Generated by org.testng.reporters.JUnitReportReporter -->
<testsuite skipped="0" hostname="Bharath" name="com.qa.testcases.HomePageTest" tests="7" failures="0" timestamp="2020-04-18T09:21:17 IST" time="204.357" errors="0">
  <testcase name="verifyHomePageTitleTest" time="26.516" classname="com.qa.testcases.HomePageTest"/>
  <system-out/>
  <testcase name="clickOnDealsPageLinkTest" time="29.887" classname="com.qa.testcases.HomePageTest"/>
  <system-out/>
  <testcase name="clickOnContactsPageLinkTest" time="29.731" classname="com.qa.testcases.HomePageTest"/>
  <system-out/>
  <testcase name="clickOnCalenderPageLink" time="28.580" classname="com.qa.testcases.HomePageTest"/>
  <system-out/>
  <testcase name="clickOnTasksPageLink" time="29.586" classname="com.qa.testcases.HomePageTest"/>
  <system-out/>
  <testcase name="clickOnCasesPageLink" time="29.702" classname="com.qa.testcases.HomePageTest"/>
  <system-out/>
  <testcase name="verifyuserNameLabelTest" time="30.355" classname="com.qa.testcases.HomePageTest"/>
  <system-out/>
</testsuite> <!-- com.qa.testcases.HomePageTest -->
