<?xml version="1.0" encoding="UTF-8"?>
<!-- Generated by org.testng.reporters.JUnitReportReporter -->
<testsuite skipped="0" hostname="Bharath" name="com.qa.testcases.LoginPageTest" tests="3" failures="0" timestamp="2020-04-18T10:01:38 IST" time="67.843" errors="0">
  <testcase name="loginPageTitleTest" time="16.598" classname="com.qa.testcases.LoginPageTest"/>
  <system-out/>
  <testcase name="loginTest" time="29.560" classname="com.qa.testcases.LoginPageTest"/>
  <system-out/>
  <testcase name="signUpPageTest" time="21.685" classname="com.qa.testcases.LoginPageTest"/>
  <system-out/>
</testsuite> <!-- com.qa.testcases.LoginPageTest -->
