<?xml version="1.0" encoding="UTF-8"?>
<!-- Generated by org.testng.reporters.JUnitReportReporter -->
<testsuite skipped="0" hostname="Bharath" name="com.qa.testcases.LoginPageTest" tests="3" failures="0" timestamp="2020-04-18T09:44:51 IST" time="67.386" errors="0">
  <testcase name="loginPageTitleTest" time="15.757" classname="com.qa.testcases.LoginPageTest"/>
  <system-out/>
  <testcase name="loginTest" time="30.875" classname="com.qa.testcases.LoginPageTest"/>
  <system-out/>
  <testcase name="signUpPageTest" time="20.754" classname="com.qa.testcases.LoginPageTest"/>
  <system-out/>
</testsuite> <!-- com.qa.testcases.LoginPageTest -->
