<?xml version="1.0" encoding="UTF-8"?>
<!-- Generated by org.testng.reporters.JUnitReportReporter -->
<testsuite skipped="0" hostname="Bharath" name="com.qa.testcases.ContactsPageTest" tests="3" failures="0" timestamp="2020-04-19T10:16:47 IST" time="158.905" errors="0">
  <testcase name="verifyNewContactLabelTest" time="31.996" classname="com.qa.testcases.ContactsPageTest"/>
  <system-out/>
  <testcase name="verifyclickOnNewContactLink" time="78.393" classname="com.qa.testcases.ContactsPageTest"/>
  <system-out/>
  <testcase name="verifycreateNewContact" time="48.516" classname="com.qa.testcases.ContactsPageTest"/>
  <system-out/>
</testsuite> <!-- com.qa.testcases.ContactsPageTest -->
