<?xml version="1.0" encoding="UTF-8"?>
<!-- Generated by org.testng.reporters.JUnitReportReporter -->
<testsuite skipped="0" hostname="Bharath" name="com.qa.testcases.HomePageTest" tests="7" failures="0" timestamp="2020-04-19T10:16:47 IST" time="242.436" errors="0">
  <testcase name="verifyHomePageTitleTest" time="45.922" classname="com.qa.testcases.HomePageTest"/>
  <system-out/>
  <testcase name="clickOnDealsPageLinkTest" time="31.479" classname="com.qa.testcases.HomePageTest"/>
  <system-out/>
  <testcase name="clickOnContactsPageLinkTest" time="27.690" classname="com.qa.testcases.HomePageTest"/>
  <system-out/>
  <testcase name="clickOnCalenderPageLink" time="37.031" classname="com.qa.testcases.HomePageTest"/>
  <system-out/>
  <testcase name="clickOnTasksPageLink" time="29.156" classname="com.qa.testcases.HomePageTest"/>
  <system-out/>
  <testcase name="clickOnCasesPageLink" time="29.455" classname="com.qa.testcases.HomePageTest"/>
  <system-out/>
  <testcase name="verifyuserNameLabelTest" time="41.703" classname="com.qa.testcases.HomePageTest"/>
  <system-out/>
</testsuite> <!-- com.qa.testcases.HomePageTest -->
