<?xml version="1.0" encoding="UTF-8"?>
<!-- Generated by org.testng.reporters.JUnitReportReporter -->
<testsuite skipped="0" hostname="Bharath" name="com.qa.testcases.LoginPageTest" tests="3" failures="0" timestamp="2020-04-19T10:16:47 IST" time="61.501" errors="0">
  <testcase name="loginPageTitleTest" time="14.843" classname="com.qa.testcases.LoginPageTest"/>
  <system-out/>
  <testcase name="loginTest" time="25.537" classname="com.qa.testcases.LoginPageTest"/>
  <system-out/>
  <testcase name="signUpPageTest" time="21.121" classname="com.qa.testcases.LoginPageTest"/>
  <system-out/>
</testsuite> <!-- com.qa.testcases.LoginPageTest -->
