<?xml version="1.0" encoding="UTF-8"?>
<!-- Generated by org.testng.reporters.JUnitReportReporter -->
<testsuite skipped="0" hostname="Bharath" name="com.qa.testcases.HomePageTest" tests="7" failures="0" timestamp="2020-04-18T09:44:51 IST" time="197.588" errors="0">
  <testcase name="verifyHomePageTitleTest" time="28.131" classname="com.qa.testcases.HomePageTest"/>
  <system-out/>
  <testcase name="clickOnDealsPageLinkTest" time="28.366" classname="com.qa.testcases.HomePageTest"/>
  <system-out/>
  <testcase name="clickOnContactsPageLinkTest" time="28.230" classname="com.qa.testcases.HomePageTest"/>
  <system-out/>
  <testcase name="clickOnCalenderPageLink" time="28.741" classname="com.qa.testcases.HomePageTest"/>
  <system-out/>
  <testcase name="clickOnTasksPageLink" time="27.234" classname="com.qa.testcases.HomePageTest"/>
  <system-out/>
  <testcase name="clickOnCasesPageLink" time="28.659" classname="com.qa.testcases.HomePageTest"/>
  <system-out/>
  <testcase name="verifyuserNameLabelTest" time="28.227" classname="com.qa.testcases.HomePageTest"/>
  <system-out/>
</testsuite> <!-- com.qa.testcases.HomePageTest -->
